{"type":"operationStart","subtype":"profile","data":{"_id":"XGAmBtIqO9IqPtMe","timestamp":"2023-01-31T00:06:43.258Z","state":"queued","mode":"standard","creationDate":"2023-01-31T00:06:43.263Z","modificationDate":"2023-01-31T00:06:43.263Z","shortid":"pH4Y7QY","$entitySet":"profiles"},"doDiffs":false,"timestamp":1675123603260,"id":"8ld03yxnv65xe3f","previousOperationId":null,"operationId":"7i8pqenbgjkizmp"}
{"type":"log","level":"info","message":"Render request 2 queued for execution and waiting for available worker","previousOperationId":"7i8pqenbgjkizmp","timestamp":1675123603260,"id":"ucxvgf88kocqn3v"}
{"type":"operationStart","subtype":"render","name":"invoice-main","previousOperationId":"7i8pqenbgjkizmp","timestamp":1675123603358,"id":"dfihdbovrg9yfhf","previousEventId":"8ld03yxnv65xe3f","operationId":"591t3i0cd8gjtsd"}
{"type":"log","timestamp":1675123603359,"level":"info","message":"Starting rendering request 2","meta":{"rootId":"o1crfa1t6df7d8m","id":"o1crfa1t6df7d8m"},"id":"x3kt7pygx54n0kb","previousOperationId":"591t3i0cd8gjtsd"}
{"type":"log","timestamp":1675123603360,"level":"info","message":"Rendering template { name: invoice-main, recipe: chrome-pdf, engine: handlebars, preview: true }","meta":{"rootId":"o1crfa1t6df7d8m","id":"o1crfa1t6df7d8m"},"id":"qkpqtqlh2auq6n3","previousOperationId":"591t3i0cd8gjtsd"}
{"type":"log","timestamp":1675123603371,"level":"debug","message":"Data item not defined for this template.","meta":{"rootId":"o1crfa1t6df7d8m","id":"o1crfa1t6df7d8m"},"id":"rsd6t871t9tunel","previousOperationId":"591t3i0cd8gjtsd"}
{"type":"log","timestamp":1675123603393,"level":"debug","message":"Base url not specified, skipping its injection.","meta":{"rootId":"o1crfa1t6df7d8m","id":"o1crfa1t6df7d8m"},"id":"r7i8t7vjtiju1n2","previousOperationId":"591t3i0cd8gjtsd"}
{"type":"operationStart","subtype":"engine","name":"handlebars","timestamp":1675123603398,"id":"a33nd1kuv73q7ty","previousEventId":"dfihdbovrg9yfhf","operationId":"ll9ttjzo1jypp07","previousOperationId":"591t3i0cd8gjtsd"}
{"type":"log","timestamp":1675123603398,"level":"debug","message":"Rendering engine handlebars","meta":{"rootId":"o1crfa1t6df7d8m","id":"o1crfa1t6df7d8m"},"id":"ftot9s9w6os2fte","previousOperationId":"ll9ttjzo1jypp07"}
{"type":"operationEnd","operationId":"ll9ttjzo1jypp07","timestamp":1675123603472,"id":"hkzozprhmqjjfbp","previousEventId":"a33nd1kuv73q7ty","previousOperationId":"ll9ttjzo1jypp07"}
{"type":"operationStart","subtype":"recipe","name":"chrome-pdf","timestamp":1675123603473,"id":"vx2980vqbs35s5b","previousEventId":"hkzozprhmqjjfbp","operationId":"8yura631tfabiwq","previousOperationId":"ll9ttjzo1jypp07"}
{"type":"log","timestamp":1675123603473,"level":"debug","message":"Executing recipe chrome-pdf","meta":{"rootId":"o1crfa1t6df7d8m","id":"o1crfa1t6df7d8m"},"id":"67iqg2pk3mkb3tj","previousOperationId":"8yura631tfabiwq"}
{"type":"log","timestamp":1675123604815,"level":"debug","message":"Converting with chrome HeadlessChrome/105.0.5173.0 using chrome-pool strategy","meta":{"rootId":"o1crfa1t6df7d8m","id":"o1crfa1t6df7d8m"},"id":"0cwq48sivu1os1d","previousOperationId":"8yura631tfabiwq"}
{"type":"log","timestamp":1675123605440,"level":"debug","message":"Page request: GET (document) file:///C:/Users/casim/AppData/Local/Temp/jsreport/autocleanup/ed4cd7e4-68e3-434c-b886-a87538b78184-chrome-pdf.html","meta":{"rootId":"o1crfa1t6df7d8m","id":"o1crfa1t6df7d8m"},"id":"iq0tq77w7sy5o7s","previousOperationId":"8yura631tfabiwq"}
{"type":"log","timestamp":1675123605455,"level":"debug","message":"Page request finished: GET (document) 200 file:///C:/Users/casim/AppData/Local/Temp/jsreport/autocleanup/ed4cd7e4-68e3-434c-b886-a87538b78184-chrome-pdf.html","meta":{"rootId":"o1crfa1t6df7d8m","id":"o1crfa1t6df7d8m"},"id":"q7g5hvt4v4yd0ha","previousOperationId":"8yura631tfabiwq"}
{"type":"log","timestamp":1675123605466,"level":"debug","message":"Running chrome with params {\"printBackground\":true,\"marginTop\":\"1cm\",\"marginRight\":\"1cm\",\"marginBottom\":\"1cm\",\"marginLeft\":\"1cm\",\"timeout\":59569,\"margin\":{\"top\":\"1cm\",\"right\":\"1cm\",\"bottom\":\"1cm\",\"left\":\"1cm\"}}","meta":{"rootId":"o1crfa1t6df7d8m","id":"o1crfa1t6df7d8m"},"id":"bfddbr1f6gzeh35","previousOperationId":"8yura631tfabiwq"}
{"type":"operationEnd","operationId":"8yura631tfabiwq","timestamp":1675123605519,"id":"s4kab1mgpbbmyql","previousEventId":"vx2980vqbs35s5b","previousOperationId":"8yura631tfabiwq"}
{"type":"log","timestamp":1675123605520,"level":"debug","message":"Skipping storing report.","meta":{"rootId":"o1crfa1t6df7d8m","id":"o1crfa1t6df7d8m"},"id":"11zpljoue6tuj8z","previousOperationId":"8yura631tfabiwq"}
{"type":"log","timestamp":1675123605520,"level":"info","message":"Rendering request 2 finished in 2262 ms","meta":{"rootId":"o1crfa1t6df7d8m","id":"o1crfa1t6df7d8m"},"id":"cp45w86cq1rgk4v","previousOperationId":"8yura631tfabiwq"}
{"type":"operationEnd","subtype":"render","operationId":"591t3i0cd8gjtsd","timestamp":1675123605521,"id":"ag3gtqhfjqsim2c","previousEventId":"s4kab1mgpbbmyql","previousOperationId":"8yura631tfabiwq"}
{"type":"operationEnd","doDiffs":false,"previousEventId":"8ld03yxnv65xe3f","previousOperationId":"7i8pqenbgjkizmp","operationId":"7i8pqenbgjkizmp","timestamp":1675123605528,"id":"dlh2j26irr11kka"}
